\BOOKMARK [1][-]{section.1}{\376\377\000D\000e\000s\000c\000r\000i\000p\000c\000i\000\363\000n\000\040\000g\000e\000n\000e\000r\000a\000l\000\040\000d\000e\000l\000\040\000s\000i\000s\000t\000e\000m\000a}{}% 1
\BOOKMARK [2][-]{subsection.1.1}{\376\377\000O\000b\000j\000e\000t\000i\000v\000o}{section.1}% 2
\BOOKMARK [2][-]{subsection.1.2}{\376\377\000A\000c\000t\000o\000r\000e\000s\000\040\000p\000r\000i\000n\000c\000i\000p\000a\000l\000e\000s}{section.1}% 3
\BOOKMARK [2][-]{subsection.1.3}{\376\377\000F\000l\000u\000j\000o\000\040\000o\000p\000e\000r\000a\000t\000i\000v\000o}{section.1}% 4
\BOOKMARK [1][-]{section.2}{\376\377\000S\000i\000m\000p\000l\000i\000f\000i\000c\000a\000c\000i\000\363\000n\000\040\000e\000n\000\040\000b\000a\000s\000e\000\040\000a\000l\000\040\000d\000i\000s\000e\000\361\000o\000\040\000i\000n\000i\000c\000i\000a\000l}{}% 5
\BOOKMARK [2][-]{subsection.2.1}{\376\377\000E\000l\000e\000m\000e\000n\000t\000o\000s\000\040\000e\000l\000i\000m\000i\000n\000a\000d\000o\000s\000\040\000d\000e\000l\000\040\000d\000i\000s\000e\000\361\000o\000\040\000o\000r\000i\000g\000i\000n\000a\000l}{section.2}% 6
\BOOKMARK [2][-]{subsection.2.2}{\376\377\000S\000i\000s\000t\000e\000m\000a\000\040\000i\000m\000p\000l\000e\000m\000e\000n\000t\000a\000d\000o}{section.2}% 7
\BOOKMARK [1][-]{section.3}{\376\377\000I\000m\000p\000l\000e\000m\000e\000n\000t\000a\000c\000i\000\363\000n\000\040\000e\000n\000\040\000B\000e\000s\000u}{}% 8
\BOOKMARK [2][-]{subsection.3.1}{\376\377\000A\000r\000q\000u\000i\000t\000e\000c\000t\000u\000r\000a\000\040\000d\000e\000l\000\040\000c\000o\000n\000t\000r\000a\000t\000o}{section.3}% 9
\BOOKMARK [3][-]{subsubsection.3.1.1}{\376\377\000D\000i\000a\000g\000r\000a\000m\000a\000\040\000d\000e\000\040\000e\000s\000t\000r\000u\000c\000t\000u\000r\000a\000s\000\040\000d\000e\000\040\000d\000a\000t\000o\000s}{subsection.3.1}% 10
\BOOKMARK [2][-]{subsection.3.2}{\376\377\000F\000u\000n\000c\000i\000o\000n\000e\000s\000\040\000p\000r\000i\000n\000c\000i\000p\000a\000l\000e\000s}{section.3}% 11
\BOOKMARK [3][-]{subsubsection.3.2.1}{\376\377\000F\000u\000n\000c\000i\000o\000n\000e\000s\000\040\000d\000e\000\040\000e\000s\000c\000r\000i\000t\000u\000r\000a}{subsection.3.2}% 12
\BOOKMARK [3][-]{subsubsection.3.2.2}{\376\377\000F\000u\000n\000c\000i\000o\000n\000e\000s\000\040\000d\000e\000\040\000l\000e\000c\000t\000u\000r\000a}{subsection.3.2}% 13
\BOOKMARK [2][-]{subsection.3.3}{\376\377\000C\000o\000n\000t\000r\000o\000l\000\040\000d\000e\000\040\000a\000c\000c\000e\000s\000o}{section.3}% 14
\BOOKMARK [2][-]{subsection.3.4}{\376\377\000T\000o\000k\000e\000n\000\040\000d\000e\000\040\000G\000o\000b\000e\000r\000n\000a\000n\000z\000a}{section.3}% 15
\BOOKMARK [2][-]{subsection.3.5}{\376\377\000E\000v\000e\000n\000t\000o\000s}{section.3}% 16
\BOOKMARK [2][-]{subsection.3.6}{\376\377\000P\000r\000o\000c\000e\000s\000o\000\040\000d\000e\000\040\000d\000e\000s\000p\000l\000i\000e\000g\000u\000e}{section.3}% 17
\BOOKMARK [2][-]{subsection.3.7}{\376\377\000C\000o\000n\000s\000i\000d\000e\000r\000a\000c\000i\000o\000n\000e\000s\000\040\000t\000\351\000c\000n\000i\000c\000a\000s\000\040\000i\000m\000p\000o\000r\000t\000a\000n\000t\000e\000s}{section.3}% 18
\BOOKMARK [1][-]{section.4}{\376\377\000I\000m\000p\000l\000e\000m\000e\000n\000t\000a\000c\000i\000\363\000n\000\040\000d\000e\000l\000\040\000f\000r\000o\000n\000t\000\040\000e\000n\000d}{}% 19
\BOOKMARK [2][-]{subsection.4.1}{\376\377\000T\000e\000c\000n\000o\000l\000o\000g\000\355\000a\000s\000\040\000u\000t\000i\000l\000i\000z\000a\000d\000a\000s}{section.4}% 20
\BOOKMARK [2][-]{subsection.4.2}{\376\377\000A\000r\000q\000u\000i\000t\000e\000c\000t\000u\000r\000a\000\040\000d\000e\000l\000\040\000f\000r\000o\000n\000t\000e\000n\000d}{section.4}% 21
\BOOKMARK [3][-]{subsubsection.4.2.1}{\376\377\000H\000o\000o\000k\000s\000\040\000p\000e\000r\000s\000o\000n\000a\000l\000i\000z\000a\000d\000o\000s}{subsection.4.2}% 22
\BOOKMARK [3][-]{subsubsection.4.2.2}{\376\377\000C\000a\000p\000a\000\040\000d\000e\000\040\000d\000a\000t\000o\000s}{subsection.4.2}% 23
\BOOKMARK [3][-]{subsubsection.4.2.3}{\376\377\000C\000o\000n\000f\000i\000g\000u\000r\000a\000c\000i\000\363\000n\000\040\000d\000e\000l\000\040\000c\000o\000n\000t\000r\000a\000t\000o}{subsection.4.2}% 24
\BOOKMARK [2][-]{subsection.4.3}{\376\377\000F\000u\000n\000c\000i\000o\000n\000a\000l\000i\000d\000a\000d\000e\000s\000\040\000i\000m\000p\000l\000e\000m\000e\000n\000t\000a\000d\000a\000s}{section.4}% 25
\BOOKMARK [2][-]{subsection.4.4}{\376\377\000I\000n\000t\000e\000g\000r\000a\000c\000i\000\363\000n\000\040\000c\000o\000n\000\040\000M\000e\000t\000a\000M\000a\000s\000k}{section.4}% 26
\BOOKMARK [3][-]{subsubsection.4.4.1}{\376\377\000C\000o\000n\000s\000i\000d\000e\000r\000a\000c\000i\000o\000n\000e\000s\000\040\000i\000m\000p\000o\000r\000t\000a\000n\000t\000e\000s}{subsection.4.4}% 27
\BOOKMARK [2][-]{subsection.4.5}{\376\377\000M\000a\000n\000e\000j\000o\000\040\000d\000e\000\040\000t\000r\000a\000n\000s\000a\000c\000c\000i\000o\000n\000e\000s}{section.4}% 28
\BOOKMARK [2][-]{subsection.4.6}{\376\377\000D\000i\000s\000e\000\361\000o\000\040\000d\000e\000\040\000i\000n\000t\000e\000r\000f\000a\000z}{section.4}% 29
\BOOKMARK [2][-]{subsection.4.7}{\376\377\000D\000e\000s\000p\000l\000i\000e\000g\000u\000e}{section.4}% 30
\BOOKMARK [2][-]{subsection.4.8}{\376\377\000L\000e\000c\000c\000i\000o\000n\000e\000s\000\040\000a\000p\000r\000e\000n\000d\000i\000d\000a\000s}{section.4}% 31
\BOOKMARK [1][-]{section.5}{\376\377\000C\000o\000n\000c\000l\000u\000s\000i\000o\000n\000e\000s}{}% 32
\BOOKMARK [2][-]{subsection.5.1}{\376\377\000L\000o\000g\000r\000o\000s\000\040\000a\000l\000c\000a\000n\000z\000a\000d\000o\000s}{section.5}% 33
\BOOKMARK [3][-]{subsubsection.5.1.1}{\376\377\000T\000r\000a\000n\000s\000p\000a\000r\000e\000n\000c\000i\000a\000\040\000f\000i\000n\000a\000n\000c\000i\000e\000r\000a}{subsection.5.1}% 34
\BOOKMARK [3][-]{subsubsection.5.1.2}{\376\377\000G\000o\000b\000e\000r\000n\000a\000n\000z\000a\000\040\000d\000e\000m\000o\000c\000r\000\341\000t\000i\000c\000a}{subsection.5.1}% 35
\BOOKMARK [3][-]{subsubsection.5.1.3}{\376\377\000A\000p\000r\000e\000n\000d\000i\000z\000a\000j\000e\000s\000\040\000t\000\351\000c\000n\000i\000c\000o\000s}{subsection.5.1}% 36
\BOOKMARK [2][-]{subsection.5.2}{\376\377\000D\000e\000s\000a\000f\000\355\000o\000s\000\040\000i\000d\000e\000n\000t\000i\000f\000i\000c\000a\000d\000o\000s}{section.5}% 37
\BOOKMARK [3][-]{subsubsection.5.2.1}{\376\377\000I\000n\000m\000u\000t\000a\000b\000i\000l\000i\000d\000a\000d\000\040\000c\000o\000m\000o\000\040\000o\000b\000s\000t\000\341\000c\000u\000l\000o\000\040\000y\000\040\000v\000i\000r\000t\000u\000d}{subsection.5.2}% 38
\BOOKMARK [3][-]{subsubsection.5.2.2}{\376\377\000C\000o\000m\000p\000l\000e\000j\000i\000d\000a\000d\000\040\000d\000e\000\040\000c\000o\000n\000f\000i\000g\000u\000r\000a\000c\000i\000\363\000n}{subsection.5.2}% 39
\BOOKMARK [3][-]{subsubsection.5.2.3}{\376\377\000C\000o\000o\000r\000d\000i\000n\000a\000c\000i\000\363\000n\000\040\000f\000r\000o\000n\000t\000e\000n\000d\000-\000c\000o\000n\000t\000r\000a\000t\000o}{subsection.5.2}% 40
\BOOKMARK [2][-]{subsection.5.3}{\376\377\000S\000i\000m\000p\000l\000i\000f\000i\000c\000a\000c\000i\000o\000n\000e\000s\000\040\000y\000\040\000s\000u\000\040\000i\000m\000p\000a\000c\000t\000o}{section.5}% 41
\BOOKMARK [2][-]{subsection.5.4}{\376\377\000T\000r\000a\000b\000a\000j\000o\000\040\000f\000u\000t\000u\000r\000o}{section.5}% 42
\BOOKMARK [2][-]{subsection.5.5}{\376\377\000R\000e\000f\000l\000e\000x\000i\000\363\000n\000\040\000f\000i\000n\000a\000l}{section.5}% 43
